\BOOKMARK [1][-]{section.1}{\376\377\000I\000n\000t\000r\000o\000d\000u\000c\000t\000i\000o\000n}{}% 1
\BOOKMARK [1][-]{section.2}{\376\377\000R\000e\000l\000a\000t\000e\000d\000\040\000W\000o\000r\000k}{}% 2
\BOOKMARK [1][-]{section.3}{\376\377\000M\000e\000t\000h\000o\000d\000o\000l\000o\000g\000y}{}% 3
\BOOKMARK [2][-]{subsection.3.1}{\376\377\000D\000e\000b\000a\000t\000e\000\040\000S\000i\000m\000u\000l\000a\000t\000i\000o\000n\000\040\000E\000n\000v\000i\000r\000o\000n\000m\000e\000n\000t}{section.3}% 4
\BOOKMARK [2][-]{subsection.3.2}{\376\377\000S\000t\000r\000u\000c\000t\000u\000r\000e\000d\000\040\000D\000e\000b\000a\000t\000e\000\040\000F\000r\000a\000m\000e\000w\000o\000r\000k}{section.3}% 5
\BOOKMARK [2][-]{subsection.3.3}{\376\377\000C\000o\000r\000e\000\040\000P\000r\000o\000m\000p\000t\000\040\000S\000t\000r\000u\000c\000t\000u\000r\000e\000s\000\040\000\046\000\040\000C\000o\000n\000s\000t\000r\000a\000i\000n\000t\000s}{section.3}% 6
\BOOKMARK [2][-]{subsection.3.4}{\376\377\000D\000y\000n\000a\000m\000i\000c\000\040\000C\000o\000n\000f\000i\000d\000e\000n\000c\000e\000\040\000E\000l\000i\000c\000i\000t\000a\000t\000i\000o\000n}{section.3}% 7
\BOOKMARK [2][-]{subsection.3.5}{\376\377\000D\000a\000t\000a\000\040\000C\000o\000l\000l\000e\000c\000t\000i\000o\000n}{section.3}% 8
\BOOKMARK [1][-]{section.4}{\376\377\000R\000e\000s\000u\000l\000t\000s}{}% 9
\BOOKMARK [2][-]{subsection.4.1}{\376\377\000P\000e\000r\000v\000a\000s\000i\000v\000e\000\040\000O\000v\000e\000r\000c\000o\000n\000f\000i\000d\000e\000n\000c\000e\000\040\000W\000i\000t\000h\000o\000u\000t\000\040\000S\000e\000e\000i\000n\000g\000\040\000O\000p\000p\000o\000n\000e\000n\000t\000\040\000A\000r\000g\000u\000m\000e\000n\000t\000\040\000\050\000F\000i\000n\000d\000i\000n\000g\000\040\0001\000\040\000a\000n\000d\000\040\0004\000\051}{section.4}% 10
\BOOKMARK [2][-]{subsection.4.2}{\376\377\000C\000o\000n\000f\000i\000d\000e\000n\000c\000e\000\040\000E\000s\000c\000a\000l\000a\000t\000i\000o\000n\000\040\000A\000m\000o\000n\000g\000\040\000M\000o\000d\000e\000l\000s\000\040\000\050\000F\000i\000n\000d\000i\000n\000g\000\040\0002\000\051}{section.4}% 11
\BOOKMARK [2][-]{subsection.4.3}{\376\377\000L\000o\000g\000i\000c\000a\000l\000\040\000I\000m\000p\000o\000s\000s\000i\000b\000i\000l\000i\000t\000y\000:\000\040\000S\000i\000m\000u\000l\000t\000a\000n\000e\000o\000u\000s\000\040\000H\000i\000g\000h\000\040\000C\000o\000n\000f\000i\000d\000e\000n\000c\000e\000\040\000\050\000F\000i\000n\000d\000i\000n\000g\000\040\0003\000\051}{section.4}% 12
\BOOKMARK [2][-]{subsection.4.4}{\376\377\000S\000t\000r\000a\000t\000e\000g\000i\000c\000\040\000C\000o\000n\000f\000i\000d\000e\000n\000c\000e\000\040\000i\000n\000\040\000P\000u\000b\000l\000i\000c\000\040\000S\000e\000t\000t\000i\000n\000g\000s\000\040\000\050\000F\000i\000n\000d\000i\000n\000g\000\040\0005\000\051}{section.4}% 13
\BOOKMARK [1][-]{section.5}{\376\377\000D\000i\000s\000c\000u\000s\000s\000i\000o\000n}{}% 14
\BOOKMARK [2][-]{subsection.5.1}{\376\377\000M\000e\000t\000a\000c\000o\000g\000n\000i\000t\000i\000v\000e\000\040\000L\000i\000m\000i\000t\000a\000t\000i\000o\000n\000s\000\040\000a\000n\000d\000\040\000P\000o\000s\000s\000i\000b\000l\000e\000\040\000E\000x\000p\000l\000a\000n\000a\000t\000i\000o\000n\000s}{section.5}% 15
\BOOKMARK [2][-]{subsection.5.2}{\376\377\000B\000r\000o\000a\000d\000e\000r\000\040\000I\000m\000p\000a\000c\000t\000s\000\040\000f\000o\000r\000\040\000A\000I\000\040\000S\000a\000f\000e\000t\000y\000\040\000a\000n\000d\000\040\000D\000e\000p\000l\000o\000y\000m\000e\000n\000t}{section.5}% 16
\BOOKMARK [2][-]{subsection.5.3}{\376\377\000P\000o\000t\000e\000n\000t\000i\000a\000l\000\040\000M\000i\000t\000i\000g\000a\000t\000i\000o\000n\000s\000\040\000a\000n\000d\000\040\000G\000u\000a\000r\000d\000r\000a\000i\000l\000s}{section.5}% 17
\BOOKMARK [2][-]{subsection.5.4}{\376\377\000L\000i\000m\000i\000t\000a\000t\000i\000o\000n\000s\000\040\000a\000n\000d\000\040\000F\000u\000t\000u\000r\000e\000\040\000R\000e\000s\000e\000a\000r\000c\000h\000\040\000D\000i\000r\000e\000c\000t\000i\000o\000n\000s}{section.5}% 18
\BOOKMARK [1][-]{section.6}{\376\377\000C\000o\000n\000c\000l\000u\000s\000i\000o\000n}{}% 19
\BOOKMARK [1][-]{appendix.A}{\376\377\000L\000L\000M\000s\000\040\000i\000n\000\040\000t\000h\000e\000\040\000D\000e\000b\000a\000t\000e\000r\000\040\000P\000o\000o\000l}{}% 20
\BOOKMARK [1][-]{appendix.B}{\376\377\000D\000e\000b\000a\000t\000e\000\040\000P\000a\000i\000r\000i\000n\000g\000s\000\040\000S\000c\000h\000e\000d\000u\000l\000e}{}% 21
\BOOKMARK [2][-]{subsection.B.1}{\376\377\000P\000a\000i\000r\000i\000n\000g\000\040\000O\000b\000j\000e\000c\000t\000i\000v\000e\000s\000\040\000a\000n\000d\000\040\000C\000o\000n\000s\000t\000r\000a\000i\000n\000t\000s}{appendix.B}% 22
\BOOKMARK [2][-]{subsection.B.2}{\376\377\000I\000n\000i\000t\000i\000a\000l\000\040\000R\000o\000u\000n\000d\000\040\000P\000l\000a\000n\000n\000i\000n\000g}{appendix.B}% 23
\BOOKMARK [2][-]{subsection.B.3}{\376\377\000D\000y\000n\000a\000m\000i\000c\000\040\000P\000e\000r\000f\000o\000r\000m\000a\000n\000c\000e\000-\000B\000a\000s\000e\000d\000\040\000M\000a\000t\000c\000h\000i\000n\000g}{appendix.B}% 24
\BOOKMARK [2][-]{subsection.B.4}{\376\377\000R\000e\000b\000a\000l\000a\000n\000c\000i\000n\000g\000\040\000R\000o\000u\000n\000d\000s}{appendix.B}% 25
\BOOKMARK [1][-]{appendix.C}{\376\377\000D\000e\000b\000a\000t\000e\000r\000\040\000P\000r\000o\000m\000p\000t\000\040\000S\000t\000r\000u\000c\000t\000u\000r\000e\000s}{}% 26
\BOOKMARK [2][-]{subsection.C.1}{\376\377\000O\000p\000e\000n\000i\000n\000g\000\040\000S\000p\000e\000e\000c\000h}{appendix.C}% 27
\BOOKMARK [2][-]{subsection.C.2}{\376\377\000R\000e\000b\000u\000t\000t\000a\000l\000\040\000S\000p\000e\000e\000c\000h}{appendix.C}% 28
\BOOKMARK [2][-]{subsection.C.3}{\376\377\000C\000l\000o\000s\000i\000n\000g\000\040\000S\000p\000e\000e\000c\000h}{appendix.C}% 29
\BOOKMARK [1][-]{appendix.D}{\376\377\000A\000I\000\040\000J\000u\000r\000y\000\040\000D\000e\000t\000a\000i\000l\000s}{}% 30
\BOOKMARK [2][-]{subsection.D.1}{\376\377\000O\000v\000e\000r\000v\000i\000e\000w\000\040\000a\000n\000d\000\040\000M\000o\000t\000i\000v\000a\000t\000i\000o\000n}{appendix.D}% 31
\BOOKMARK [2][-]{subsection.D.2}{\376\377\000J\000u\000r\000y\000\040\000S\000e\000l\000e\000c\000t\000i\000o\000n\000\040\000a\000n\000d\000\040\000V\000a\000l\000i\000d\000a\000t\000i\000o\000n\000\040\000P\000r\000o\000c\000e\000s\000s}{appendix.D}% 32
\BOOKMARK [2][-]{subsection.D.3}{\376\377\000J\000u\000r\000y\000\040\000E\000v\000a\000l\000u\000a\000t\000i\000o\000n\000\040\000P\000r\000o\000t\000o\000c\000o\000l}{appendix.D}% 33
\BOOKMARK [2][-]{subsection.D.4}{\376\377\000R\000e\000l\000i\000a\000b\000i\000l\000i\000t\000y\000\040\000A\000n\000a\000l\000y\000s\000i\000s}{appendix.D}% 34
\BOOKMARK [2][-]{subsection.D.5}{\376\377\000C\000o\000m\000p\000l\000e\000t\000e\000\040\000J\000u\000d\000g\000e\000\040\000P\000r\000o\000m\000p\000t}{appendix.D}% 35
\BOOKMARK [1][-]{appendix.E}{\376\377\000T\000o\000p\000i\000c\000s\000\040\000o\000f\000\040\000D\000e\000b\000a\000t\000e}{}% 36
\BOOKMARK [1][-]{appendix.F}{\376\377\000S\000e\000l\000f\000\040\000D\000e\000b\000a\000t\000e\000\040\000A\000b\000l\000a\000t\000i\000o\000n}{}% 37
\BOOKMARK [1][-]{appendix.G}{\376\377\000I\000n\000f\000o\000r\000m\000e\000d\000\040\000S\000e\000l\000f\000\040\000D\000e\000b\000a\000t\000e\000\040\000A\000b\000l\000a\000t\000i\000o\000n}{}% 38
\BOOKMARK [1][-]{appendix.H}{\376\377\000P\000u\000b\000l\000i\000c\000\040\000S\000e\000l\000f\000\040\000D\000e\000b\000a\000t\000e\000\040\000A\000b\000l\000a\000t\000i\000o\000n}{}% 39
\BOOKMARK [1][-]{appendix.I}{\376\377\000C\000o\000m\000p\000u\000t\000a\000t\000i\000o\000n\000a\000l\000\040\000R\000e\000s\000o\000u\000r\000c\000e\000s\000\040\000a\000n\000d\000\040\000C\000o\000s\000t}{}% 40
\BOOKMARK [1][-]{appendix.J}{\376\377\000H\000y\000p\000o\000t\000h\000e\000s\000i\000s\000\040\000T\000e\000s\000t\000s}{}% 41
\BOOKMARK [1][-]{appendix.K}{\376\377\000D\000e\000t\000a\000i\000l\000e\000d\000\040\000I\000n\000i\000t\000i\000a\000l\000\040\000C\000o\000n\000f\000i\000d\000e\000n\000c\000e\000\040\000T\000e\000s\000t\000\040\000R\000e\000s\000u\000l\000t\000s}{}% 42
\BOOKMARK [1][-]{appendix.L}{\376\377\000D\000e\000t\000a\000i\000l\000e\000d\000\040\000C\000o\000n\000f\000i\000d\000e\000n\000c\000e\000\040\000E\000s\000c\000a\000l\000a\000t\000i\000o\000n\000\040\000R\000e\000s\000u\000l\000t\000s}{}% 43
\BOOKMARK [2][-]{subsection.L.1}{\376\377\000C\000o\000n\000f\000i\000d\000e\000n\000c\000e\000\040\000E\000s\000c\000a\000l\000a\000t\000i\000o\000n\000\040\000b\000y\000\040\000E\000x\000p\000e\000r\000i\000m\000e\000n\000t\000\040\000T\000y\000p\000e\000\040\000a\000n\000d\000\040\000M\000o\000d\000e\000l}{appendix.L}% 44
\BOOKMARK [1][-]{appendix.M}{\376\377\000P\000r\000i\000v\000a\000t\000e\000\040\000R\000e\000a\000s\000o\000n\000i\000n\000g\000\040\000a\000n\000d\000\040\000B\000e\000t\000\040\000A\000l\000i\000g\000n\000m\000e\000n\000t\000\040\000A\000n\000a\000l\000y\000s\000i\000s}{}% 45
\BOOKMARK [2][-]{subsection.M.1}{\376\377\000M\000e\000t\000h\000o\000d\000o\000l\000o\000g\000y}{appendix.M}% 46
\BOOKMARK [3][-]{subsubsection.M.1.1}{\376\377\000E\000v\000a\000l\000u\000a\000t\000o\000r\000\040\000P\000r\000o\000m\000p\000t}{subsection.M.1}% 47
\BOOKMARK [3][-]{subsubsection.M.1.2}{\376\377\000P\000r\000o\000c\000e\000s\000s\000i\000n\000g\000\040\000P\000i\000p\000e\000l\000i\000n\000e}{subsection.M.1}% 48
\BOOKMARK [2][-]{subsection.M.2}{\376\377\000R\000e\000s\000u\000l\000t\000s}{appendix.M}% 49
\BOOKMARK [3][-]{subsubsection.M.2.1}{\376\377\000O\000v\000e\000r\000a\000l\000l\000\040\000A\000l\000i\000g\000n\000m\000e\000n\000t\000\040\000R\000e\000s\000u\000l\000t\000s}{subsection.M.2}% 50
\BOOKMARK [3][-]{subsubsection.M.2.2}{\376\377\000A\000l\000i\000g\000n\000m\000e\000n\000t\000\040\000B\000y\000\040\000N\000u\000m\000e\000r\000i\000c\000\040\000C\000o\000n\000f\000i\000d\000e\000n\000c\000e\000\040\000P\000r\000e\000s\000e\000n\000c\000e}{subsection.M.2}% 51
\BOOKMARK [2][-]{subsection.M.3}{\376\377\000M\000e\000t\000h\000o\000d\000o\000l\000o\000g\000i\000c\000a\000l\000\040\000C\000o\000n\000s\000i\000d\000e\000r\000a\000t\000i\000o\000n\000s}{appendix.M}% 52
\BOOKMARK [1][-]{appendix.N}{\376\377\000F\000o\000u\000r\000-\000R\000o\000u\000n\000d\000\040\000D\000e\000b\000a\000t\000e\000\040\000A\000b\000l\000a\000t\000i\000o\000n}{}% 53
\BOOKMARK [2][-]{subsection.N.1}{\376\377\000M\000e\000t\000h\000o\000d\000o\000l\000o\000g\000y}{appendix.N}% 54
\BOOKMARK [2][-]{subsection.N.2}{\376\377\000R\000e\000s\000u\000l\000t\000s}{appendix.N}% 55
\BOOKMARK [2][-]{subsection.N.3}{\376\377\000L\000i\000m\000i\000t\000a\000t\000i\000o\000n\000s}{appendix.N}% 56
\BOOKMARK [1][-]{appendix.O}{\376\377\000E\000x\000a\000m\000p\000l\000e\000s\000\040\000o\000f\000\040\000S\000t\000r\000a\000t\000e\000g\000i\000c\000\040\000B\000e\000t\000t\000i\000n\000g\000\040\000B\000e\000h\000a\000v\000i\000o\000r}{}% 57
